0 info it worked if it ends with ok
1 verbose cli [ 'C:\\Program Files\\nodejs\\node.exe',
1 verbose cli   'C:\\Users\\Jez\\AppData\\Roaming\\npm\\node_modules\\npm\\bin\\npm-cli.js',
1 verbose cli   'install',
1 verbose cli   '-g',
1 verbose cli   'node',
1 verbose cli   '6.8.0' ]
2 info using npm@3.10.8
3 info using node@v5.7.0
4 silly loadCurrentTree Starting
5 silly install loadCurrentTree
6 silly install readGlobalPackageData
7 silly fetchPackageMetaData node
8 silly fetchPackageMetaData 6.8.0
9 silly fetchNamedPackageData node
10 silly mapToRegistry name node
11 silly mapToRegistry using default registry
12 silly mapToRegistry registry https://registry.npmjs.org/
13 silly mapToRegistry data Result {
13 silly mapToRegistry   raw: 'node',
13 silly mapToRegistry   scope: null,
13 silly mapToRegistry   escapedName: 'node',
13 silly mapToRegistry   name: 'node',
13 silly mapToRegistry   rawSpec: '',
13 silly mapToRegistry   spec: 'latest',
13 silly mapToRegistry   type: 'tag' }
14 silly mapToRegistry uri https://registry.npmjs.org/node
15 silly fetchNamedPackageData 6.8.0
16 silly mapToRegistry name 6.8.0
17 silly mapToRegistry using default registry
18 silly mapToRegistry registry https://registry.npmjs.org/
19 silly mapToRegistry data Result {
19 silly mapToRegistry   raw: '6.8.0',
19 silly mapToRegistry   scope: null,
19 silly mapToRegistry   escapedName: '6.8.0',
19 silly mapToRegistry   name: '6.8.0',
19 silly mapToRegistry   rawSpec: '',
19 silly mapToRegistry   spec: 'latest',
19 silly mapToRegistry   type: 'tag' }
20 silly mapToRegistry uri https://registry.npmjs.org/6.8.0
21 verbose request uri https://registry.npmjs.org/6.8.0
22 verbose request no auth needed
23 info attempt registry request try #1 at 1:01:18 PM
24 verbose request id c2df636aab385b49
25 http request GET https://registry.npmjs.org/6.8.0
26 verbose request uri https://registry.npmjs.org/node
27 verbose request no auth needed
28 info attempt registry request try #1 at 1:01:18 PM
29 verbose etag W/"561c5238-43d"
30 verbose lastModified Tue, 13 Oct 2015 00:37:12 GMT
31 http request GET https://registry.npmjs.org/node
32 http 304 https://registry.npmjs.org/node
33 verbose headers { date: 'Thu, 19 Jan 2017 20:01:11 GMT',
33 verbose headers   via: '1.1 varnish',
33 verbose headers   'cache-control': 'max-age=300',
33 verbose headers   etag: 'W/"561c5238-43d"',
33 verbose headers   age: '117',
33 verbose headers   connection: 'keep-alive',
33 verbose headers   'x-served-by': 'cache-lax8632-LAX',
33 verbose headers   'x-cache': 'HIT',
33 verbose headers   'x-cache-hits': '1',
33 verbose headers   'x-timer': 'S1484856071.420425,VS0,VE0',
33 verbose headers   vary: 'Accept-Encoding' }
34 silly get cb [ 304,
34 silly get   { date: 'Thu, 19 Jan 2017 20:01:11 GMT',
34 silly get     via: '1.1 varnish',
34 silly get     'cache-control': 'max-age=300',
34 silly get     etag: 'W/"561c5238-43d"',
34 silly get     age: '117',
34 silly get     connection: 'keep-alive',
34 silly get     'x-served-by': 'cache-lax8632-LAX',
34 silly get     'x-cache': 'HIT',
34 silly get     'x-cache-hits': '1',
34 silly get     'x-timer': 'S1484856071.420425,VS0,VE0',
34 silly get     vary: 'Accept-Encoding' } ]
35 verbose etag https://registry.npmjs.org/node from cache
36 verbose get saving node to C:\Users\Jez\AppData\Roaming\npm-cache\registry.npmjs.org\node\.cache.json
37 verbose correctMkdir C:\Users\Jez\AppData\Roaming\npm-cache correctMkdir not in flight; initializing
38 http 404 https://registry.npmjs.org/6.8.0
39 verbose headers { 'content-type': 'application/json',
39 verbose headers   'cache-control': 'max-age=0',
39 verbose headers   'content-length': '2',
39 verbose headers   'accept-ranges': 'bytes',
39 verbose headers   date: 'Thu, 19 Jan 2017 20:01:11 GMT',
39 verbose headers   via: '1.1 varnish',
39 verbose headers   age: '0',
39 verbose headers   connection: 'keep-alive',
39 verbose headers   'x-served-by': 'cache-lax8636-LAX',
39 verbose headers   'x-cache': 'MISS',
39 verbose headers   'x-cache-hits': '0',
39 verbose headers   'x-timer': 'S1484856071.419754,VS0,VE79',
39 verbose headers   vary: 'Accept-Encoding' }
40 silly get cb [ 404,
40 silly get   { 'content-type': 'application/json',
40 silly get     'cache-control': 'max-age=0',
40 silly get     'content-length': '2',
40 silly get     'accept-ranges': 'bytes',
40 silly get     date: 'Thu, 19 Jan 2017 20:01:11 GMT',
40 silly get     via: '1.1 varnish',
40 silly get     age: '0',
40 silly get     connection: 'keep-alive',
40 silly get     'x-served-by': 'cache-lax8636-LAX',
40 silly get     'x-cache': 'MISS',
40 silly get     'x-cache-hits': '0',
40 silly get     'x-timer': 'S1484856071.419754,VS0,VE79',
40 silly get     vary: 'Accept-Encoding' } ]
41 silly fetchPackageMetaData Error: Registry returned 404 for GET on https://registry.npmjs.org/6.8.0
41 silly fetchPackageMetaData     at makeError (C:\Users\Jez\AppData\Roaming\npm\node_modules\npm\node_modules\npm-registry-client\lib\request.js:302:12)
41 silly fetchPackageMetaData     at CachingRegistryClient.<anonymous> (C:\Users\Jez\AppData\Roaming\npm\node_modules\npm\node_modules\npm-registry-client\lib\request.js:280:14)
41 silly fetchPackageMetaData     at Request._callback (C:\Users\Jez\AppData\Roaming\npm\node_modules\npm\node_modules\npm-registry-client\lib\request.js:210:14)
41 silly fetchPackageMetaData     at Request.self.callback (C:\Users\Jez\AppData\Roaming\npm\node_modules\npm\node_modules\request\request.js:187:22)
41 silly fetchPackageMetaData     at emitTwo (events.js:100:13)
41 silly fetchPackageMetaData     at Request.emit (events.js:185:7)
41 silly fetchPackageMetaData     at Request.<anonymous> (C:\Users\Jez\AppData\Roaming\npm\node_modules\npm\node_modules\request\request.js:1044:10)
41 silly fetchPackageMetaData     at emitOne (events.js:90:13)
41 silly fetchPackageMetaData     at Request.emit (events.js:182:7)
41 silly fetchPackageMetaData     at IncomingMessage.<anonymous> (C:\Users\Jez\AppData\Roaming\npm\node_modules\npm\node_modules\request\request.js:965:12)
41 silly fetchPackageMetaData  error for 6.8.0 { [Error: Registry returned 404 for GET on https://registry.npmjs.org/6.8.0] pkgid: '6.8.0', statusCode: 404, code: 'E404' }
42 silly rollbackFailedOptional Starting
43 silly rollbackFailedOptional Finishing
44 silly runTopLevelLifecycles Finishing
45 silly install printInstalled
46 verbose stack Error: Registry returned 404 for GET on https://registry.npmjs.org/6.8.0
46 verbose stack     at makeError (C:\Users\Jez\AppData\Roaming\npm\node_modules\npm\node_modules\npm-registry-client\lib\request.js:302:12)
46 verbose stack     at CachingRegistryClient.<anonymous> (C:\Users\Jez\AppData\Roaming\npm\node_modules\npm\node_modules\npm-registry-client\lib\request.js:280:14)
46 verbose stack     at Request._callback (C:\Users\Jez\AppData\Roaming\npm\node_modules\npm\node_modules\npm-registry-client\lib\request.js:210:14)
46 verbose stack     at Request.self.callback (C:\Users\Jez\AppData\Roaming\npm\node_modules\npm\node_modules\request\request.js:187:22)
46 verbose stack     at emitTwo (events.js:100:13)
46 verbose stack     at Request.emit (events.js:185:7)
46 verbose stack     at Request.<anonymous> (C:\Users\Jez\AppData\Roaming\npm\node_modules\npm\node_modules\request\request.js:1044:10)
46 verbose stack     at emitOne (events.js:90:13)
46 verbose stack     at Request.emit (events.js:182:7)
46 verbose stack     at IncomingMessage.<anonymous> (C:\Users\Jez\AppData\Roaming\npm\node_modules\npm\node_modules\request\request.js:965:12)
47 verbose statusCode 404
48 verbose pkgid 6.8.0
49 verbose cwd c:\Users\Jez\Documents\nodeserver\music-backend
50 error Windows_NT 10.0.14393
51 error argv "C:\\Program Files\\nodejs\\node.exe" "C:\\Users\\Jez\\AppData\\Roaming\\npm\\node_modules\\npm\\bin\\npm-cli.js" "install" "-g" "node" "6.8.0"
52 error node v5.7.0
53 error npm  v3.10.8
54 error code E404
55 error 404 Registry returned 404 for GET on https://registry.npmjs.org/6.8.0
56 error 404
57 error 404 '6.8.0' is not in the npm registry.
58 error 404 You should bug the author to publish it (or use the name yourself!)
59 error 404 Note that you can also install from a
60 error 404 tarball, folder, http url, or git url.
61 verbose exit [ 1, true ]
